2025-10-04 19:28:14 | INFO | Sent message to topic 'avg_csv': {'year': 1922, 'total': 59.6, 'female': 61.0, 'male': 58.4}
2025-10-04 19:28:14 | INFO | Processed JSON message: {'year': 1922, 'total': 59.6, 'female': 61.0, 'male': 58.4}
2025-10-04 19:28:19 | INFO | Sent message to topic 'avg_csv': {'year': 1923, 'total': 57.2, 'female': 58.5, 'male': 56.1}
2025-10-04 19:28:19 | INFO | Processed JSON message: {'year': 1923, 'total': 57.2, 'female': 58.5, 'male': 56.1}
2025-10-04 19:28:24 | INFO | Sent message to topic 'avg_csv': {'year': 1924, 'total': 59.7, 'female': 61.5, 'male': 58.1}
2025-10-04 19:28:24 | INFO | Processed JSON message: {'year': 1924, 'total': 59.7, 'female': 61.5, 'male': 58.1}
2025-10-04 19:28:29 | INFO | Sent message to topic 'avg_csv': {'year': 1925, 'total': 59.0, 'female': 60.6, 'male': 57.6}
2025-10-04 19:28:29 | INFO | Processed JSON message: {'year': 1925, 'total': 59.0, 'female': 60.6, 'male': 57.6}
2025-10-04 19:28:34 | INFO | Sent message to topic 'avg_csv': {'year': 1926, 'total': 56.7, 'female': 58.0, 'male': 55.5}
2025-10-04 19:28:34 | INFO | Processed JSON message: {'year': 1926, 'total': 56.7, 'female': 58.0, 'male': 55.5}
2025-10-04 19:28:39 | INFO | Sent message to topic 'avg_csv': {'year': 1927, 'total': 60.4, 'female': 62.1, 'male': 59.0}
2025-10-04 19:28:39 | INFO | Processed JSON message: {'year': 1927, 'total': 60.4, 'female': 62.1, 'male': 59.0}
2025-10-04 19:28:44 | INFO | Sent message to topic 'avg_csv': {'year': 1928, 'total': 56.8, 'female': 58.3, 'male': 55.6}
2025-10-04 19:28:44 | INFO | Processed JSON message: {'year': 1928, 'total': 56.8, 'female': 58.3, 'male': 55.6}
2025-10-04 19:28:49 | INFO | Sent message to topic 'avg_csv': {'year': 1929, 'total': 57.1, 'female': 58.7, 'male': 55.8}
2025-10-04 19:28:49 | INFO | Processed JSON message: {'year': 1929, 'total': 57.1, 'female': 58.7, 'male': 55.8}
2025-10-04 19:28:54 | INFO | Sent message to topic 'avg_csv': {'year': 1930, 'total': 59.7, 'female': 61.6, 'male': 58.1}
2025-10-04 19:28:54 | INFO | Processed JSON message: {'year': 1930, 'total': 59.7, 'female': 61.6, 'male': 58.1}
2025-10-04 19:28:59 | INFO | Sent message to topic 'avg_csv': {'year': 1931, 'total': 61.1, 'female': 63.1, 'male': 59.4}
2025-10-04 19:28:59 | INFO | Processed JSON message: {'year': 1931, 'total': 61.1, 'female': 63.1, 'male': 59.4}
2025-10-04 19:29:04 | INFO | Sent message to topic 'avg_csv': {'year': 1932, 'total': 62.1, 'female': 63.5, 'male': 61.0}
2025-10-04 19:29:04 | INFO | Processed JSON message: {'year': 1932, 'total': 62.1, 'female': 63.5, 'male': 61.0}
2025-10-04 19:29:09 | INFO | Sent message to topic 'avg_csv': {'year': 1933, 'total': 63.3, 'female': 65.1, 'male': 61.7}
2025-10-04 19:29:09 | INFO | Processed JSON message: {'year': 1933, 'total': 63.3, 'female': 65.1, 'male': 61.7}
2025-10-04 19:29:14 | INFO | Sent message to topic 'avg_csv': {'year': 1934, 'total': 61.1, 'female': 63.3, 'male': 59.3}
2025-10-04 19:29:14 | INFO | Processed JSON message: {'year': 1934, 'total': 61.1, 'female': 63.3, 'male': 59.3}
2025-10-04 19:29:19 | INFO | Sent message to topic 'avg_csv': {'year': 1935, 'total': 61.7, 'female': 63.9, 'male': 59.9}
2025-10-04 19:29:19 | INFO | Processed JSON message: {'year': 1935, 'total': 61.7, 'female': 63.9, 'male': 59.9}
2025-10-04 19:29:24 | INFO | Sent message to topic 'avg_csv': {'year': 1936, 'total': 58.5, 'female': 60.6, 'male': 56.6}
2025-10-04 19:29:24 | INFO | Processed JSON message: {'year': 1936, 'total': 58.5, 'female': 60.6, 'male': 56.6}
2025-10-04 19:29:29 | INFO | Sent message to topic 'avg_csv': {'year': 1937, 'total': 60.0, 'female': 62.4, 'male': 58.0}
2025-10-04 19:29:29 | INFO | Processed JSON message: {'year': 1937, 'total': 60.0, 'female': 62.4, 'male': 58.0}
2025-10-04 19:29:34 | INFO | Sent message to topic 'avg_csv': {'year': 1938, 'total': 63.5, 'female': 65.3, 'male': 61.9}
2025-10-04 19:29:34 | INFO | Processed JSON message: {'year': 1938, 'total': 63.5, 'female': 65.3, 'male': 61.9}
2025-10-04 19:29:39 | INFO | Sent message to topic 'avg_csv': {'year': 1939, 'total': 63.7, 'female': 65.4, 'male': 62.1}
2025-10-04 19:29:39 | INFO | Processed JSON message: {'year': 1939, 'total': 63.7, 'female': 65.4, 'male': 62.1}
2025-10-04 19:29:44 | INFO | Sent message to topic 'avg_csv': {'year': 1940, 'total': 62.9, 'female': 65.2, 'male': 60.8}
2025-10-04 19:29:44 | INFO | Processed JSON message: {'year': 1940, 'total': 62.9, 'female': 65.2, 'male': 60.8}
2025-10-04 19:29:49 | INFO | Sent message to topic 'avg_csv': {'year': 1941, 'total': 64.8, 'female': 66.8, 'male': 63.1}
2025-10-04 19:29:49 | INFO | Processed JSON message: {'year': 1941, 'total': 64.8, 'female': 66.8, 'male': 63.1}
2025-10-04 19:29:54 | INFO | Sent message to topic 'avg_csv': {'year': 1942, 'total': 66.2, 'female': 67.9, 'male': 64.7}
2025-10-04 19:29:54 | INFO | Processed JSON message: {'year': 1942, 'total': 66.2, 'female': 67.9, 'male': 64.7}
2025-10-04 19:29:59 | INFO | Sent message to topic 'avg_csv': {'year': 1943, 'total': 63.3, 'female': 64.4, 'male': 62.4}
2025-10-04 19:29:59 | INFO | Processed JSON message: {'year': 1943, 'total': 63.3, 'female': 64.4, 'male': 62.4}
2025-10-04 19:30:04 | INFO | Sent message to topic 'avg_csv': {'year': 1944, 'total': 65.2, 'female': 66.8, 'male': 63.6}
2025-10-04 19:30:05 | INFO | Processed JSON message: {'year': 1944, 'total': 65.2, 'female': 66.8, 'male': 63.6}
2025-10-04 19:30:06 | WARNING | Consumer interrupted by user.
2025-10-04 19:30:06 | INFO | Kafka consumer for topic 'avg_csv' closed.
2025-10-04 19:30:10 | INFO | Sent message to topic 'avg_csv': {'year': 1945, 'total': 65.9, 'female': 67.9, 'male': 63.6}
2025-10-04 19:30:12 | WARNING | Producer interrupted by user.
2025-10-04 19:30:12 | INFO | Kafka producer closed.
2025-10-04 19:30:12 | INFO | END producer.
